2022-05-23 12:52:15.992  INFO 3480 --- [main] m.r.RedisSentinelClusterApplication      : Starting RedisSentinelClusterApplication using Java 16.0.2 on mao with PID 3480 (H:\程序\大三下期\redis哨兵集群\target\classes started by mao in H:\程序\大三下期\redis哨兵集群)
2022-05-23 12:52:15.994 DEBUG 3480 --- [main] m.r.RedisSentinelClusterApplication      : Running with Spring Boot v2.7.0, Spring v5.3.20
2022-05-23 12:52:15.994  INFO 3480 --- [main] m.r.RedisSentinelClusterApplication      : The following 1 profile is active: "dev"
2022-05-23 12:52:16.441  INFO 3480 --- [main] .s.d.r.c.RepositoryConfigurationDelegate : Multiple Spring Data modules found, entering strict repository configuration mode!
2022-05-23 12:52:16.443  INFO 3480 --- [main] .s.d.r.c.RepositoryConfigurationDelegate : Bootstrapping Spring Data Redis repositories in DEFAULT mode.
2022-05-23 12:52:16.460  INFO 3480 --- [main] .s.d.r.c.RepositoryConfigurationDelegate : Finished Spring Data repository scanning in 4 ms. Found 0 Redis repository interfaces.
2022-05-23 12:52:16.784  INFO 3480 --- [main] o.s.b.w.embedded.tomcat.TomcatWebServer  : Tomcat initialized with port(s): 8080 (http)
2022-05-23 12:52:16.792  INFO 3480 --- [main] o.apache.catalina.core.StandardService   : Starting service [Tomcat]
2022-05-23 12:52:16.792  INFO 3480 --- [main] org.apache.catalina.core.StandardEngine  : Starting Servlet engine: [Apache Tomcat/9.0.63]
2022-05-23 12:52:16.872  INFO 3480 --- [main] o.a.c.c.C.[Tomcat].[localhost].[/]       : Initializing Spring embedded WebApplicationContext
2022-05-23 12:52:16.872  INFO 3480 --- [main] w.s.c.ServletWebServerApplicationContext : Root WebApplicationContext: initialization completed in 841 ms
2022-05-23 12:52:17.362  INFO 3480 --- [main] o.s.b.w.embedded.tomcat.TomcatWebServer  : Tomcat started on port(s): 8080 (http) with context path ''
2022-05-23 12:52:17.371  INFO 3480 --- [main] m.r.RedisSentinelClusterApplication      : Started RedisSentinelClusterApplication in 1.738 seconds (JVM running for 2.375)
2022-05-23 13:05:24.724  INFO 8492 --- [main] m.r.RedisSentinelClusterApplication      : Starting RedisSentinelClusterApplication using Java 16.0.2 on mao with PID 8492 (H:\程序\大三下期\redis哨兵集群\target\classes started by mao in H:\程序\大三下期\redis哨兵集群)
2022-05-23 13:05:24.726 DEBUG 8492 --- [main] m.r.RedisSentinelClusterApplication      : Running with Spring Boot v2.7.0, Spring v5.3.20
2022-05-23 13:05:24.726  INFO 8492 --- [main] m.r.RedisSentinelClusterApplication      : The following 1 profile is active: "dev"
2022-05-23 13:05:25.114  INFO 8492 --- [main] .s.d.r.c.RepositoryConfigurationDelegate : Multiple Spring Data modules found, entering strict repository configuration mode!
2022-05-23 13:05:25.115  INFO 8492 --- [main] .s.d.r.c.RepositoryConfigurationDelegate : Bootstrapping Spring Data Redis repositories in DEFAULT mode.
2022-05-23 13:05:25.129  INFO 8492 --- [main] .s.d.r.c.RepositoryConfigurationDelegate : Finished Spring Data repository scanning in 4 ms. Found 0 Redis repository interfaces.
2022-05-23 13:05:25.425  INFO 8492 --- [main] o.s.b.w.embedded.tomcat.TomcatWebServer  : Tomcat initialized with port(s): 8080 (http)
2022-05-23 13:05:25.432  INFO 8492 --- [main] o.apache.catalina.core.StandardService   : Starting service [Tomcat]
2022-05-23 13:05:25.433  INFO 8492 --- [main] org.apache.catalina.core.StandardEngine  : Starting Servlet engine: [Apache Tomcat/9.0.63]
2022-05-23 13:05:25.511  INFO 8492 --- [main] o.a.c.c.C.[Tomcat].[localhost].[/]       : Initializing Spring embedded WebApplicationContext
2022-05-23 13:05:25.511  INFO 8492 --- [main] w.s.c.ServletWebServerApplicationContext : Root WebApplicationContext: initialization completed in 749 ms
2022-05-23 13:05:25.965  INFO 8492 --- [main] o.s.b.w.embedded.tomcat.TomcatWebServer  : Tomcat started on port(s): 8080 (http) with context path ''
2022-05-23 13:05:25.975  INFO 8492 --- [main] m.r.RedisSentinelClusterApplication      : Started RedisSentinelClusterApplication in 1.607 seconds (JVM running for 2.163)
2022-05-23 13:05:41.601  INFO 8492 --- [http-nio-8080-exec-1] o.a.c.c.C.[Tomcat].[localhost].[/]       : Initializing Spring DispatcherServlet 'dispatcherServlet'
2022-05-23 13:05:41.601  INFO 8492 --- [http-nio-8080-exec-1] o.s.web.servlet.DispatcherServlet        : Initializing Servlet 'dispatcherServlet'
2022-05-23 13:05:41.603  INFO 8492 --- [http-nio-8080-exec-1] o.s.web.servlet.DispatcherServlet        : Completed initialization in 2 ms
2022-05-23 13:07:01.578  WARN 8492 --- [lettuce-nioEventLoop-4-1] io.lettuce.core.RedisClient              : Cannot connect Redis Sentinel at redis://127.0.0.1:7501: java.util.concurrent.CompletionException: io.netty.channel.AbstractChannel$AnnotatedConnectException: Connection refused: no further information: /127.0.0.1:7501
2022-05-23 13:07:01.585  WARN 8492 --- [lettuce-nioEventLoop-4-2] io.lettuce.core.RedisClient              : Cannot connect Redis Sentinel at redis://127.0.0.1:7502: java.util.concurrent.CompletionException: io.netty.channel.AbstractChannel$AnnotatedConnectException: Connection refused: no further information: /127.0.0.1:7502
2022-05-23 13:07:01.590  WARN 8492 --- [lettuce-nioEventLoop-4-3] io.lettuce.core.RedisClient              : Cannot connect Redis Sentinel at redis://127.0.0.1:7503: java.util.concurrent.CompletionException: io.netty.channel.AbstractChannel$AnnotatedConnectException: Connection refused: no further information: /127.0.0.1:7503
2022-05-23 13:07:01.599 ERROR 8492 --- [http-nio-8080-exec-6] o.a.c.c.C.[.[.[/].[dispatcherServlet]    : Servlet.service() for servlet [dispatcherServlet] in context with path [] threw exception [Request processing failed; nested exception is org.springframework.data.redis.RedisConnectionFailureException: Unable to connect to Redis; nested exception is io.lettuce.core.RedisConnectionException: Unable to connect to redis-sentinel://127.0.0.1:7501,127.0.0.1:7502,127.0.0.1:7503?sentinelMasterId=master] with root cause

java.net.ConnectException: Connection refused: no further information
	at java.base/sun.nio.ch.Net.pollConnect(Native Method) ~[na:na]
	at java.base/sun.nio.ch.Net.pollConnectNow(Net.java:669) ~[na:na]
	at java.base/sun.nio.ch.SocketChannelImpl.finishConnect(SocketChannelImpl.java:944) ~[na:na]
	at io.netty.channel.socket.nio.NioSocketChannel.doFinishConnect(NioSocketChannel.java:337) ~[netty-transport-4.1.77.Final.jar:4.1.77.Final]
	at io.netty.channel.nio.AbstractNioChannel$AbstractNioUnsafe.finishConnect(AbstractNioChannel.java:334) ~[netty-transport-4.1.77.Final.jar:4.1.77.Final]
	at io.netty.channel.nio.NioEventLoop.processSelectedKey(NioEventLoop.java:710) ~[netty-transport-4.1.77.Final.jar:4.1.77.Final]
	at io.netty.channel.nio.NioEventLoop.processSelectedKeysOptimized(NioEventLoop.java:658) ~[netty-transport-4.1.77.Final.jar:4.1.77.Final]
	at io.netty.channel.nio.NioEventLoop.processSelectedKeys(NioEventLoop.java:584) ~[netty-transport-4.1.77.Final.jar:4.1.77.Final]
	at io.netty.channel.nio.NioEventLoop.run(NioEventLoop.java:496) ~[netty-transport-4.1.77.Final.jar:4.1.77.Final]
	at io.netty.util.concurrent.SingleThreadEventExecutor$4.run(SingleThreadEventExecutor.java:995) ~[netty-common-4.1.77.Final.jar:4.1.77.Final]
	at io.netty.util.internal.ThreadExecutorMap$2.run(ThreadExecutorMap.java:74) ~[netty-common-4.1.77.Final.jar:4.1.77.Final]
	at io.netty.util.concurrent.FastThreadLocalRunnable.run(FastThreadLocalRunnable.java:30) ~[netty-common-4.1.77.Final.jar:4.1.77.Final]
	at java.base/java.lang.Thread.run(Thread.java:831) ~[na:na]

2022-05-23 13:08:16.185 ERROR 8492 --- [http-nio-8080-exec-8] o.a.c.c.C.[.[.[/].[dispatcherServlet]    : Servlet.service() for servlet [dispatcherServlet] in context with path [] threw exception [Request processing failed; nested exception is org.springframework.data.redis.RedisConnectionFailureException: Unable to connect to Redis; nested exception is io.lettuce.core.RedisConnectionException: Unable to connect to redis-sentinel://127.0.0.1:7501,127.0.0.1:7502,127.0.0.1:7503?sentinelMasterId=master] with root cause

io.lettuce.core.RedisCommandExecutionException: ERR No such master with that name
	at io.lettuce.core.internal.ExceptionFactory.createExecutionException(ExceptionFactory.java:147) ~[lettuce-core-6.1.8.RELEASE.jar:6.1.8.RELEASE]
	at io.lettuce.core.internal.ExceptionFactory.createExecutionException(ExceptionFactory.java:116) ~[lettuce-core-6.1.8.RELEASE.jar:6.1.8.RELEASE]
	at io.lettuce.core.RedisPublisher$SubscriptionCommand.doOnComplete(RedisPublisher.java:757) ~[lettuce-core-6.1.8.RELEASE.jar:6.1.8.RELEASE]
	at io.lettuce.core.protocol.CommandWrapper.complete(CommandWrapper.java:65) ~[lettuce-core-6.1.8.RELEASE.jar:6.1.8.RELEASE]
	at io.lettuce.core.protocol.CommandHandler.complete(CommandHandler.java:746) ~[lettuce-core-6.1.8.RELEASE.jar:6.1.8.RELEASE]
	at io.lettuce.core.protocol.CommandHandler.decode(CommandHandler.java:681) ~[lettuce-core-6.1.8.RELEASE.jar:6.1.8.RELEASE]
	at io.lettuce.core.protocol.CommandHandler.channelRead(CommandHandler.java:598) ~[lettuce-core-6.1.8.RELEASE.jar:6.1.8.RELEASE]
	at io.netty.channel.AbstractChannelHandlerContext.invokeChannelRead(AbstractChannelHandlerContext.java:379) ~[netty-transport-4.1.77.Final.jar:4.1.77.Final]
	at io.netty.channel.AbstractChannelHandlerContext.invokeChannelRead(AbstractChannelHandlerContext.java:365) ~[netty-transport-4.1.77.Final.jar:4.1.77.Final]
	at io.netty.channel.AbstractChannelHandlerContext.fireChannelRead(AbstractChannelHandlerContext.java:357) ~[netty-transport-4.1.77.Final.jar:4.1.77.Final]
	at io.netty.channel.DefaultChannelPipeline$HeadContext.channelRead(DefaultChannelPipeline.java:1410) ~[netty-transport-4.1.77.Final.jar:4.1.77.Final]
	at io.netty.channel.AbstractChannelHandlerContext.invokeChannelRead(AbstractChannelHandlerContext.java:379) ~[netty-transport-4.1.77.Final.jar:4.1.77.Final]
	at io.netty.channel.AbstractChannelHandlerContext.invokeChannelRead(AbstractChannelHandlerContext.java:365) ~[netty-transport-4.1.77.Final.jar:4.1.77.Final]
	at io.netty.channel.DefaultChannelPipeline.fireChannelRead(DefaultChannelPipeline.java:919) ~[netty-transport-4.1.77.Final.jar:4.1.77.Final]
	at io.netty.channel.nio.AbstractNioByteChannel$NioByteUnsafe.read(AbstractNioByteChannel.java:166) ~[netty-transport-4.1.77.Final.jar:4.1.77.Final]
	at io.netty.channel.nio.NioEventLoop.processSelectedKey(NioEventLoop.java:722) ~[netty-transport-4.1.77.Final.jar:4.1.77.Final]
	at io.netty.channel.nio.NioEventLoop.processSelectedKeysOptimized(NioEventLoop.java:658) ~[netty-transport-4.1.77.Final.jar:4.1.77.Final]
	at io.netty.channel.nio.NioEventLoop.processSelectedKeys(NioEventLoop.java:584) ~[netty-transport-4.1.77.Final.jar:4.1.77.Final]
	at io.netty.channel.nio.NioEventLoop.run(NioEventLoop.java:496) ~[netty-transport-4.1.77.Final.jar:4.1.77.Final]
	at io.netty.util.concurrent.SingleThreadEventExecutor$4.run(SingleThreadEventExecutor.java:995) ~[netty-common-4.1.77.Final.jar:4.1.77.Final]
	at io.netty.util.internal.ThreadExecutorMap$2.run(ThreadExecutorMap.java:74) ~[netty-common-4.1.77.Final.jar:4.1.77.Final]
	at io.netty.util.concurrent.FastThreadLocalRunnable.run(FastThreadLocalRunnable.java:30) ~[netty-common-4.1.77.Final.jar:4.1.77.Final]
	at java.base/java.lang.Thread.run(Thread.java:831) ~[na:na]

2022-05-23 13:08:45.183  INFO 9272 --- [main] m.r.RedisSentinelClusterApplication      : Starting RedisSentinelClusterApplication using Java 16.0.2 on mao with PID 9272 (H:\程序\大三下期\redis哨兵集群\target\classes started by mao in H:\程序\大三下期\redis哨兵集群)
2022-05-23 13:08:45.185 DEBUG 9272 --- [main] m.r.RedisSentinelClusterApplication      : Running with Spring Boot v2.7.0, Spring v5.3.20
2022-05-23 13:08:45.186  INFO 9272 --- [main] m.r.RedisSentinelClusterApplication      : The following 1 profile is active: "dev"
2022-05-23 13:08:45.584  INFO 9272 --- [main] .s.d.r.c.RepositoryConfigurationDelegate : Multiple Spring Data modules found, entering strict repository configuration mode!
2022-05-23 13:08:45.585  INFO 9272 --- [main] .s.d.r.c.RepositoryConfigurationDelegate : Bootstrapping Spring Data Redis repositories in DEFAULT mode.
2022-05-23 13:08:45.599  INFO 9272 --- [main] .s.d.r.c.RepositoryConfigurationDelegate : Finished Spring Data repository scanning in 4 ms. Found 0 Redis repository interfaces.
2022-05-23 13:08:45.891  INFO 9272 --- [main] o.s.b.w.embedded.tomcat.TomcatWebServer  : Tomcat initialized with port(s): 8080 (http)
2022-05-23 13:08:45.898  INFO 9272 --- [main] o.apache.catalina.core.StandardService   : Starting service [Tomcat]
2022-05-23 13:08:45.898  INFO 9272 --- [main] org.apache.catalina.core.StandardEngine  : Starting Servlet engine: [Apache Tomcat/9.0.63]
2022-05-23 13:08:45.976  INFO 9272 --- [main] o.a.c.c.C.[Tomcat].[localhost].[/]       : Initializing Spring embedded WebApplicationContext
2022-05-23 13:08:45.976  INFO 9272 --- [main] w.s.c.ServletWebServerApplicationContext : Root WebApplicationContext: initialization completed in 755 ms
2022-05-23 13:08:46.417  INFO 9272 --- [main] o.s.b.w.embedded.tomcat.TomcatWebServer  : Tomcat started on port(s): 8080 (http) with context path ''
2022-05-23 13:08:46.426  INFO 9272 --- [main] m.r.RedisSentinelClusterApplication      : Started RedisSentinelClusterApplication in 1.559 seconds (JVM running for 2.009)
2022-05-23 13:08:53.686  INFO 9272 --- [http-nio-8080-exec-1] o.a.c.c.C.[Tomcat].[localhost].[/]       : Initializing Spring DispatcherServlet 'dispatcherServlet'
2022-05-23 13:08:53.686  INFO 9272 --- [http-nio-8080-exec-1] o.s.web.servlet.DispatcherServlet        : Initializing Servlet 'dispatcherServlet'
2022-05-23 13:08:53.687  INFO 9272 --- [http-nio-8080-exec-1] o.s.web.servlet.DispatcherServlet        : Completed initialization in 1 ms
2022-05-23 13:08:53.985 ERROR 9272 --- [http-nio-8080-exec-1] o.a.c.c.C.[.[.[/].[dispatcherServlet]    : Servlet.service() for servlet [dispatcherServlet] in context with path [] threw exception [Request processing failed; nested exception is org.springframework.data.redis.RedisConnectionFailureException: Unable to connect to Redis; nested exception is io.lettuce.core.RedisConnectionException: Unable to connect to redis-sentinel://127.0.0.1:7501,127.0.0.1:7502,127.0.0.1:7503?sentinelMasterId=master] with root cause

io.lettuce.core.RedisCommandExecutionException: ERR No such master with that name
	at io.lettuce.core.internal.ExceptionFactory.createExecutionException(ExceptionFactory.java:147) ~[lettuce-core-6.1.8.RELEASE.jar:6.1.8.RELEASE]
	at io.lettuce.core.internal.ExceptionFactory.createExecutionException(ExceptionFactory.java:116) ~[lettuce-core-6.1.8.RELEASE.jar:6.1.8.RELEASE]
	at io.lettuce.core.RedisPublisher$SubscriptionCommand.doOnComplete(RedisPublisher.java:757) ~[lettuce-core-6.1.8.RELEASE.jar:6.1.8.RELEASE]
	at io.lettuce.core.protocol.CommandWrapper.complete(CommandWrapper.java:65) ~[lettuce-core-6.1.8.RELEASE.jar:6.1.8.RELEASE]
	at io.lettuce.core.protocol.CommandHandler.complete(CommandHandler.java:746) ~[lettuce-core-6.1.8.RELEASE.jar:6.1.8.RELEASE]
	at io.lettuce.core.protocol.CommandHandler.decode(CommandHandler.java:681) ~[lettuce-core-6.1.8.RELEASE.jar:6.1.8.RELEASE]
	at io.lettuce.core.protocol.CommandHandler.channelRead(CommandHandler.java:598) ~[lettuce-core-6.1.8.RELEASE.jar:6.1.8.RELEASE]
	at io.netty.channel.AbstractChannelHandlerContext.invokeChannelRead(AbstractChannelHandlerContext.java:379) ~[netty-transport-4.1.77.Final.jar:4.1.77.Final]
	at io.netty.channel.AbstractChannelHandlerContext.invokeChannelRead(AbstractChannelHandlerContext.java:365) ~[netty-transport-4.1.77.Final.jar:4.1.77.Final]
	at io.netty.channel.AbstractChannelHandlerContext.fireChannelRead(AbstractChannelHandlerContext.java:357) ~[netty-transport-4.1.77.Final.jar:4.1.77.Final]
	at io.netty.channel.DefaultChannelPipeline$HeadContext.channelRead(DefaultChannelPipeline.java:1410) ~[netty-transport-4.1.77.Final.jar:4.1.77.Final]
	at io.netty.channel.AbstractChannelHandlerContext.invokeChannelRead(AbstractChannelHandlerContext.java:379) ~[netty-transport-4.1.77.Final.jar:4.1.77.Final]
	at io.netty.channel.AbstractChannelHandlerContext.invokeChannelRead(AbstractChannelHandlerContext.java:365) ~[netty-transport-4.1.77.Final.jar:4.1.77.Final]
	at io.netty.channel.DefaultChannelPipeline.fireChannelRead(DefaultChannelPipeline.java:919) ~[netty-transport-4.1.77.Final.jar:4.1.77.Final]
	at io.netty.channel.nio.AbstractNioByteChannel$NioByteUnsafe.read(AbstractNioByteChannel.java:166) ~[netty-transport-4.1.77.Final.jar:4.1.77.Final]
	at io.netty.channel.nio.NioEventLoop.processSelectedKey(NioEventLoop.java:722) ~[netty-transport-4.1.77.Final.jar:4.1.77.Final]
	at io.netty.channel.nio.NioEventLoop.processSelectedKeysOptimized(NioEventLoop.java:658) ~[netty-transport-4.1.77.Final.jar:4.1.77.Final]
	at io.netty.channel.nio.NioEventLoop.processSelectedKeys(NioEventLoop.java:584) ~[netty-transport-4.1.77.Final.jar:4.1.77.Final]
	at io.netty.channel.nio.NioEventLoop.run(NioEventLoop.java:496) ~[netty-transport-4.1.77.Final.jar:4.1.77.Final]
	at io.netty.util.concurrent.SingleThreadEventExecutor$4.run(SingleThreadEventExecutor.java:995) ~[netty-common-4.1.77.Final.jar:4.1.77.Final]
	at io.netty.util.internal.ThreadExecutorMap$2.run(ThreadExecutorMap.java:74) ~[netty-common-4.1.77.Final.jar:4.1.77.Final]
	at io.netty.util.concurrent.FastThreadLocalRunnable.run(FastThreadLocalRunnable.java:30) ~[netty-common-4.1.77.Final.jar:4.1.77.Final]
	at java.base/java.lang.Thread.run(Thread.java:831) ~[na:na]

2022-05-23 13:10:01.508  INFO 6512 --- [main] m.r.RedisSentinelClusterApplication      : Starting RedisSentinelClusterApplication using Java 16.0.2 on mao with PID 6512 (H:\程序\大三下期\redis哨兵集群\target\classes started by mao in H:\程序\大三下期\redis哨兵集群)
2022-05-23 13:10:01.510 DEBUG 6512 --- [main] m.r.RedisSentinelClusterApplication      : Running with Spring Boot v2.7.0, Spring v5.3.20
2022-05-23 13:10:01.510  INFO 6512 --- [main] m.r.RedisSentinelClusterApplication      : The following 1 profile is active: "dev"
2022-05-23 13:10:01.903  INFO 6512 --- [main] .s.d.r.c.RepositoryConfigurationDelegate : Multiple Spring Data modules found, entering strict repository configuration mode!
2022-05-23 13:10:01.905  INFO 6512 --- [main] .s.d.r.c.RepositoryConfigurationDelegate : Bootstrapping Spring Data Redis repositories in DEFAULT mode.
2022-05-23 13:10:01.919  INFO 6512 --- [main] .s.d.r.c.RepositoryConfigurationDelegate : Finished Spring Data repository scanning in 4 ms. Found 0 Redis repository interfaces.
2022-05-23 13:10:02.207  INFO 6512 --- [main] o.s.b.w.embedded.tomcat.TomcatWebServer  : Tomcat initialized with port(s): 8080 (http)
2022-05-23 13:10:02.214  INFO 6512 --- [main] o.apache.catalina.core.StandardService   : Starting service [Tomcat]
2022-05-23 13:10:02.214  INFO 6512 --- [main] org.apache.catalina.core.StandardEngine  : Starting Servlet engine: [Apache Tomcat/9.0.63]
