2022-05-23 13:11:04.821 DEBUG 18484 --- [main] o.s.data.convert.CustomConversions       : Adding converter from class java.time.LocalDateTime to class java.time.Instant as reading converter.
2022-05-23 13:11:04.822 DEBUG 18484 --- [main] o.s.data.convert.CustomConversions       : Adding converter from class java.time.Instant to class java.time.LocalDateTime as reading converter.
2022-05-23 13:11:04.823 DEBUG 18484 --- [main] o.s.data.convert.CustomConversions       : Adding converter from class java.time.ZoneId to class java.lang.String as writing converter.
2022-05-23 13:11:04.823 DEBUG 18484 --- [main] o.s.data.convert.CustomConversions       : Adding converter from class java.lang.String to class java.time.ZoneId as reading converter.
2022-05-23 13:11:04.823 DEBUG 18484 --- [main] o.s.data.convert.CustomConversions       : Adding converter from class java.time.Duration to class java.lang.String as writing converter.
2022-05-23 13:11:04.824 DEBUG 18484 --- [main] o.s.data.convert.CustomConversions       : Adding converter from class java.lang.String to class java.time.Duration as reading converter.
2022-05-23 13:11:04.824 DEBUG 18484 --- [main] o.s.data.convert.CustomConversions       : Adding converter from class java.time.Period to class java.lang.String as writing converter.
2022-05-23 13:11:04.824 DEBUG 18484 --- [main] o.s.data.convert.CustomConversions       : Adding converter from class java.lang.String to class java.time.Period as reading converter.
2022-05-23 13:11:04.824 DEBUG 18484 --- [main] o.s.data.convert.CustomConversions       : Adding converter from class java.lang.String to class java.time.LocalDate as reading converter.
2022-05-23 13:11:04.824 DEBUG 18484 --- [main] o.s.data.convert.CustomConversions       : Adding converter from class java.lang.String to class java.time.LocalDateTime as reading converter.
2022-05-23 13:11:04.824 DEBUG 18484 --- [main] o.s.data.convert.CustomConversions       : Adding converter from class java.lang.String to class java.time.Instant as reading converter.
2022-05-23 13:11:04.832 DEBUG 18484 --- [main] o.s.data.convert.CustomConversions       : Adding converter from class java.lang.String to class [B as writing converter.
2022-05-23 13:11:04.833 DEBUG 18484 --- [main] o.s.data.convert.CustomConversions       : Adding converter from class [B to class java.lang.String as reading converter.
2022-05-23 13:11:04.833 DEBUG 18484 --- [main] o.s.data.convert.CustomConversions       : Adding converter from class java.lang.Number to class [B as writing converter.
2022-05-23 13:11:04.833 DEBUG 18484 --- [main] o.s.data.convert.CustomConversions       : Adding converter from class [B to class java.lang.Number as reading converter.
2022-05-23 13:11:04.833 DEBUG 18484 --- [main] o.s.data.convert.CustomConversions       : Adding converter from class java.lang.Enum to class [B as writing converter.
2022-05-23 13:11:04.833 DEBUG 18484 --- [main] o.s.data.convert.CustomConversions       : Adding converter from class [B to class java.lang.Enum as reading converter.
2022-05-23 13:11:04.833 DEBUG 18484 --- [main] o.s.data.convert.CustomConversions       : Adding converter from class java.lang.Boolean to class [B as writing converter.
2022-05-23 13:11:04.833 DEBUG 18484 --- [main] o.s.data.convert.CustomConversions       : Adding converter from class [B to class java.lang.Boolean as reading converter.
2022-05-23 13:11:04.834 DEBUG 18484 --- [main] o.s.data.convert.CustomConversions       : Adding converter from class java.util.Date to class [B as writing converter.
2022-05-23 13:11:04.834 DEBUG 18484 --- [main] o.s.data.convert.CustomConversions       : Adding converter from class [B to class java.util.Date as reading converter.
2022-05-23 13:11:04.834 DEBUG 18484 --- [main] o.s.data.convert.CustomConversions       : Adding converter from class java.util.UUID to class [B as writing converter.
2022-05-23 13:11:04.834 DEBUG 18484 --- [main] o.s.data.convert.CustomConversions       : Adding converter from class [B to class java.util.UUID as reading converter.
2022-05-23 13:11:04.834 DEBUG 18484 --- [main] o.s.data.convert.CustomConversions       : Adding converter from class java.time.LocalDateTime to class [B as writing converter.
2022-05-23 13:11:04.834 DEBUG 18484 --- [main] o.s.data.convert.CustomConversions       : Adding converter from class [B to class java.time.LocalDateTime as reading converter.
2022-05-23 13:11:04.834 DEBUG 18484 --- [main] o.s.data.convert.CustomConversions       : Adding converter from class java.time.LocalDate to class [B as writing converter.
2022-05-23 13:11:04.834 DEBUG 18484 --- [main] o.s.data.convert.CustomConversions       : Adding converter from class [B to class java.time.LocalDate as reading converter.
2022-05-23 13:11:04.835 DEBUG 18484 --- [main] o.s.data.convert.CustomConversions       : Adding converter from class java.time.LocalTime to class [B as writing converter.
2022-05-23 13:11:04.835 DEBUG 18484 --- [main] o.s.data.convert.CustomConversions       : Adding converter from class [B to class java.time.LocalTime as reading converter.
2022-05-23 13:11:04.835 DEBUG 18484 --- [main] o.s.data.convert.CustomConversions       : Adding converter from class java.time.ZonedDateTime to class [B as writing converter.
2022-05-23 13:11:04.835 DEBUG 18484 --- [main] o.s.data.convert.CustomConversions       : Adding converter from class [B to class java.time.ZonedDateTime as reading converter.
2022-05-23 13:11:04.835 DEBUG 18484 --- [main] o.s.data.convert.CustomConversions       : Adding converter from class java.time.Instant to class [B as writing converter.
2022-05-23 13:11:04.835 DEBUG 18484 --- [main] o.s.data.convert.CustomConversions       : Adding converter from class [B to class java.time.Instant as reading converter.
2022-05-23 13:11:04.835 DEBUG 18484 --- [main] o.s.data.convert.CustomConversions       : Adding converter from class java.time.ZoneId to class [B as writing converter.
2022-05-23 13:11:04.835 DEBUG 18484 --- [main] o.s.data.convert.CustomConversions       : Adding converter from class [B to class java.time.ZoneId as reading converter.
2022-05-23 13:11:04.835 DEBUG 18484 --- [main] o.s.data.convert.CustomConversions       : Adding converter from class java.time.Period to class [B as writing converter.
2022-05-23 13:11:04.836 DEBUG 18484 --- [main] o.s.data.convert.CustomConversions       : Adding converter from class [B to class java.time.Period as reading converter.
2022-05-23 13:11:04.836 DEBUG 18484 --- [main] o.s.data.convert.CustomConversions       : Adding converter from class java.time.Duration to class [B as writing converter.
2022-05-23 13:11:04.836 DEBUG 18484 --- [main] o.s.data.convert.CustomConversions       : Adding converter from class [B to class java.time.Duration as reading converter.
2022-05-23 13:11:04.836 DEBUG 18484 --- [main] o.s.data.convert.CustomConversions       : Adding converter from class java.util.Date to class java.time.LocalDateTime as reading converter.
2022-05-23 13:11:04.836 DEBUG 18484 --- [main] o.s.data.convert.CustomConversions       : Adding converter from class java.time.LocalDateTime to class java.util.Date as writing converter.
2022-05-23 13:11:04.836 DEBUG 18484 --- [main] o.s.data.convert.CustomConversions       : Adding converter from class java.util.Date to class java.time.LocalDate as reading converter.
2022-05-23 13:11:04.836 DEBUG 18484 --- [main] o.s.data.convert.CustomConversions       : Adding converter from class java.time.LocalDate to class java.util.Date as writing converter.
2022-05-23 13:11:04.836 DEBUG 18484 --- [main] o.s.data.convert.CustomConversions       : Adding converter from class java.util.Date to class java.time.LocalTime as reading converter.
2022-05-23 13:11:04.837 DEBUG 18484 --- [main] o.s.data.convert.CustomConversions       : Adding converter from class java.time.LocalTime to class java.util.Date as writing converter.
2022-05-23 13:11:04.837 DEBUG 18484 --- [main] o.s.data.convert.CustomConversions       : Adding converter from class java.util.Date to class java.time.Instant as reading converter.
2022-05-23 13:11:04.837 DEBUG 18484 --- [main] o.s.data.convert.CustomConversions       : Adding converter from class java.time.Instant to class java.util.Date as writing converter.
2022-05-23 13:11:04.837 DEBUG 18484 --- [main] o.s.data.convert.CustomConversions       : Adding converter from class java.time.LocalDateTime to class java.time.Instant as reading converter.
2022-05-23 13:11:04.837 DEBUG 18484 --- [main] o.s.data.convert.CustomConversions       : Adding converter from class java.time.Instant to class java.time.LocalDateTime as reading converter.
2022-05-23 13:11:04.837 DEBUG 18484 --- [main] o.s.data.convert.CustomConversions       : Adding converter from class java.time.ZoneId to class java.lang.String as writing converter.
2022-05-23 13:11:04.837 DEBUG 18484 --- [main] o.s.data.convert.CustomConversions       : Adding converter from class java.lang.String to class java.time.ZoneId as reading converter.
2022-05-23 13:11:04.838 DEBUG 18484 --- [main] o.s.data.convert.CustomConversions       : Adding converter from class java.time.Duration to class java.lang.String as writing converter.
2022-05-23 13:11:04.838 DEBUG 18484 --- [main] o.s.data.convert.CustomConversions       : Adding converter from class java.lang.String to class java.time.Duration as reading converter.
2022-05-23 13:11:04.838 DEBUG 18484 --- [main] o.s.data.convert.CustomConversions       : Adding converter from class java.time.Period to class java.lang.String as writing converter.
2022-05-23 13:11:04.838 DEBUG 18484 --- [main] o.s.data.convert.CustomConversions       : Adding converter from class java.lang.String to class java.time.Period as reading converter.
2022-05-23 13:11:04.838 DEBUG 18484 --- [main] o.s.data.convert.CustomConversions       : Adding converter from class java.lang.String to class java.time.LocalDate as reading converter.
2022-05-23 13:11:04.839 DEBUG 18484 --- [main] o.s.data.convert.CustomConversions       : Adding converter from class java.lang.String to class java.time.LocalDateTime as reading converter.
2022-05-23 13:11:04.839 DEBUG 18484 --- [main] o.s.data.convert.CustomConversions       : Adding converter from class java.lang.String to class java.time.Instant as reading converter.
2022-05-23 13:11:04.853 DEBUG 18484 --- [main] o.s.b.f.s.DefaultListableBeanFactory     : Creating shared instance of singleton bean 'org.springframework.boot.autoconfigure.context.PropertyPlaceholderAutoConfiguration'
2022-05-23 13:11:04.853 DEBUG 18484 --- [main] o.s.b.f.s.DefaultListableBeanFactory     : Creating shared instance of singleton bean 'org.springframework.boot.autoconfigure.websocket.servlet.WebSocketServletAutoConfiguration'
2022-05-23 13:11:04.854 DEBUG 18484 --- [main] o.s.b.f.s.DefaultListableBeanFactory     : Creating shared instance of singleton bean 'org.springframework.boot.context.properties.EnableConfigurationPropertiesRegistrar.methodValidationExcludeFilter'
2022-05-23 13:11:04.855 DEBUG 18484 --- [main] o.s.b.f.s.DefaultListableBeanFactory     : Creating shared instance of singleton bean 'org.springframework.boot.autoconfigure.web.servlet.DispatcherServletAutoConfiguration'
2022-05-23 13:11:04.855 DEBUG 18484 --- [main] o.s.b.f.s.DefaultListableBeanFactory     : Creating shared instance of singleton bean 'org.springframework.boot.autoconfigure.task.TaskExecutionAutoConfiguration'
2022-05-23 13:11:04.856 DEBUG 18484 --- [main] o.s.b.f.s.DefaultListableBeanFactory     : Creating shared instance of singleton bean 'taskExecutorBuilder'
2022-05-23 13:11:04.857 DEBUG 18484 --- [main] o.s.b.f.s.DefaultListableBeanFactory     : Creating shared instance of singleton bean 'spring.task.execution-org.springframework.boot.autoconfigure.task.TaskExecutionProperties'
2022-05-23 13:11:04.858 DEBUG 18484 --- [main] o.s.b.f.s.DefaultListableBeanFactory     : Autowiring by type from bean name 'taskExecutorBuilder' via factory method to bean named 'spring.task.execution-org.springframework.boot.autoconfigure.task.TaskExecutionProperties'
2022-05-23 13:11:04.861 DEBUG 18484 --- [main] o.s.b.f.s.DefaultListableBeanFactory     : Creating shared instance of singleton bean 'org.springframework.boot.autoconfigure.web.servlet.error.ErrorMvcAutoConfiguration$WhitelabelErrorViewConfiguration'
2022-05-23 13:11:04.862 DEBUG 18484 --- [main] o.s.b.f.s.DefaultListableBeanFactory     : Creating shared instance of singleton bean 'error'
2022-05-23 13:11:04.862 DEBUG 18484 --- [main] o.s.b.f.s.DefaultListableBeanFactory     : Creating shared instance of singleton bean 'beanNameViewResolver'
2022-05-23 13:11:04.863 DEBUG 18484 --- [main] o.s.b.f.s.DefaultListableBeanFactory     : Creating shared instance of singleton bean 'org.springframework.boot.autoconfigure.web.servlet.error.ErrorMvcAutoConfiguration$DefaultErrorViewResolverConfiguration'
2022-05-23 13:11:04.864 DEBUG 18484 --- [main] o.s.b.f.s.DefaultListableBeanFactory     : Creating shared instance of singleton bean 'spring.web-org.springframework.boot.autoconfigure.web.WebProperties'
2022-05-23 13:11:04.867 DEBUG 18484 --- [main] o.s.b.f.s.DefaultListableBeanFactory     : Autowiring by type from bean name 'org.springframework.boot.autoconfigure.web.servlet.error.ErrorMvcAutoConfiguration$DefaultErrorViewResolverConfiguration' via constructor to bean named 'org.springframework.boot.web.servlet.context.AnnotationConfigServletWebServerApplicationContext@5cde6747'
2022-05-23 13:11:04.867 DEBUG 18484 --- [main] o.s.b.f.s.DefaultListableBeanFactory     : Autowiring by type from bean name 'org.springframework.boot.autoconfigure.web.servlet.error.ErrorMvcAutoConfiguration$DefaultErrorViewResolverConfiguration' via constructor to bean named 'spring.web-org.springframework.boot.autoconfigure.web.WebProperties'
2022-05-23 13:11:04.868 DEBUG 18484 --- [main] o.s.b.f.s.DefaultListableBeanFactory     : Creating shared instance of singleton bean 'conventionErrorViewResolver'
2022-05-23 13:11:04.869 DEBUG 18484 --- [main] o.s.b.f.s.DefaultListableBeanFactory     : Creating shared instance of singleton bean 'errorAttributes'
2022-05-23 13:11:04.870 DEBUG 18484 --- [main] o.s.b.f.s.DefaultListableBeanFactory     : Creating shared instance of singleton bean 'basicErrorController'
2022-05-23 13:11:04.871 DEBUG 18484 --- [main] o.s.b.f.s.DefaultListableBeanFactory     : Autowiring by type from bean name 'basicErrorController' via factory method to bean named 'errorAttributes'
2022-05-23 13:11:04.874 DEBUG 18484 --- [main] o.s.b.f.s.DefaultListableBeanFactory     : Creating shared instance of singleton bean 'org.springframework.boot.autoconfigure.web.servlet.WebMvcAutoConfiguration$EnableWebMvcConfiguration'
2022-05-23 13:11:04.876 DEBUG 18484 --- [main] o.s.b.f.s.DefaultListableBeanFactory     : Autowiring by type from bean name 'org.springframework.boot.autoconfigure.web.servlet.WebMvcAutoConfiguration$EnableWebMvcConfiguration' via constructor to bean named 'spring.mvc-org.springframework.boot.autoconfigure.web.servlet.WebMvcProperties'
2022-05-23 13:11:04.876 DEBUG 18484 --- [main] o.s.b.f.s.DefaultListableBeanFactory     : Autowiring by type from bean name 'org.springframework.boot.autoconfigure.web.servlet.WebMvcAutoConfiguration$EnableWebMvcConfiguration' via constructor to bean named 'spring.web-org.springframework.boot.autoconfigure.web.WebProperties'
2022-05-23 13:11:04.876 DEBUG 18484 --- [main] o.s.b.f.s.DefaultListableBeanFactory     : Autowiring by type from bean name 'org.springframework.boot.autoconfigure.web.servlet.WebMvcAutoConfiguration$EnableWebMvcConfiguration' via constructor to bean named 'org.springframework.beans.factory.support.DefaultListableBeanFactory@7894f09b'
2022-05-23 13:11:04.884 DEBUG 18484 --- [main] o.s.b.f.s.DefaultListableBeanFactory     : Creating shared instance of singleton bean 'org.springframework.boot.autoconfigure.web.servlet.WebMvcAutoConfiguration$WebMvcAutoConfigurationAdapter'
2022-05-23 13:11:04.885 DEBUG 18484 --- [main] o.s.b.f.s.DefaultListableBeanFactory     : Autowiring by type from bean name 'org.springframework.boot.autoconfigure.web.servlet.WebMvcAutoConfiguration$WebMvcAutoConfigurationAdapter' via constructor to bean named 'spring.web-org.springframework.boot.autoconfigure.web.WebProperties'
2022-05-23 13:11:04.885 DEBUG 18484 --- [main] o.s.b.f.s.DefaultListableBeanFactory     : Autowiring by type from bean name 'org.springframework.boot.autoconfigure.web.servlet.WebMvcAutoConfiguration$WebMvcAutoConfigurationAdapter' via constructor to bean named 'spring.mvc-org.springframework.boot.autoconfigure.web.servlet.WebMvcProperties'
2022-05-23 13:11:04.885 DEBUG 18484 --- [main] o.s.b.f.s.DefaultListableBeanFactory     : Autowiring by type from bean name 'org.springframework.boot.autoconfigure.web.servlet.WebMvcAutoConfiguration$WebMvcAutoConfigurationAdapter' via constructor to bean named 'org.springframework.beans.factory.support.DefaultListableBeanFactory@7894f09b'
2022-05-23 13:11:04.886 DEBUG 18484 --- [main] o.s.b.f.s.DefaultListableBeanFactory     : Creating shared instance of singleton bean 'org.springframework.data.web.config.SpringDataWebConfiguration'
2022-05-23 13:11:04.887 DEBUG 18484 --- [main] o.s.b.f.s.DefaultListableBeanFactory     : Autowiring by type from bean name 'org.springframework.data.web.config.SpringDataWebConfiguration' via constructor to bean named 'org.springframework.boot.web.servlet.context.AnnotationConfigServletWebServerApplicationContext@5cde6747'
2022-05-23 13:11:04.888 DEBUG 18484 --- [main] o.s.b.f.s.DefaultListableBeanFactory     : Creating shared instance of singleton bean 'requestMappingHandlerAdapter'
2022-05-23 13:11:04.890 DEBUG 18484 --- [main] o.s.b.f.s.DefaultListableBeanFactory     : Creating shared instance of singleton bean 'mvcContentNegotiationManager'
2022-05-23 13:11:04.896 DEBUG 18484 --- [main] o.s.b.f.s.DefaultListableBeanFactory     : Creating shared instance of singleton bean 'mvcConversionService'
2022-05-23 13:11:04.903 DEBUG 18484 --- [main] o.s.b.f.s.DefaultListableBeanFactory     : Creating shared instance of singleton bean 'mvcValidator'
2022-05-23 13:11:04.905 DEBUG 18484 --- [main] o.s.b.f.s.DefaultListableBeanFactory     : Autowiring by type from bean name 'requestMappingHandlerAdapter' via factory method to bean named 'mvcContentNegotiationManager'
2022-05-23 13:11:04.905 DEBUG 18484 --- [main] o.s.b.f.s.DefaultListableBeanFactory     : Autowiring by type from bean name 'requestMappingHandlerAdapter' via factory method to bean named 'mvcConversionService'
2022-05-23 13:11:04.905 DEBUG 18484 --- [main] o.s.b.f.s.DefaultListableBeanFactory     : Autowiring by type from bean name 'requestMappingHandlerAdapter' via factory method to bean named 'mvcValidator'
2022-05-23 13:11:04.905 DEBUG 18484 --- [main] o.s.b.f.s.DefaultListableBeanFactory     : Autowiring by type from bean name 'requestMappingHandlerAdapter' via factory method to bean named 'mvcContentNegotiationManager'
2022-05-23 13:11:04.905 DEBUG 18484 --- [main] o.s.b.f.s.DefaultListableBeanFactory     : Autowiring by type from bean name 'requestMappingHandlerAdapter' via factory method to bean named 'mvcConversionService'
2022-05-23 13:11:04.905 DEBUG 18484 --- [main] o.s.b.f.s.DefaultListableBeanFactory     : Autowiring by type from bean name 'requestMappingHandlerAdapter' via factory method to bean named 'mvcValidator'
2022-05-23 13:11:04.916 DEBUG 18484 --- [main] o.s.b.f.s.DefaultListableBeanFactory     : Creating shared instance of singleton bean 'messageConverters'
2022-05-23 13:11:04.916 DEBUG 18484 --- [main] o.s.b.f.s.DefaultListableBeanFactory     : Creating shared instance of singleton bean 'org.springframework.boot.autoconfigure.http.HttpMessageConvertersAutoConfiguration'
2022-05-23 13:11:04.919 DEBUG 18484 --- [main] o.s.b.f.s.DefaultListableBeanFactory     : Creating shared instance of singleton bean 'stringHttpMessageConverter'
2022-05-23 13:11:04.919 DEBUG 18484 --- [main] o.s.b.f.s.DefaultListableBeanFactory     : Creating shared instance of singleton bean 'org.springframework.boot.autoconfigure.http.HttpMessageConvertersAutoConfiguration$StringHttpMessageConverterConfiguration'
2022-05-23 13:11:04.920 DEBUG 18484 --- [main] o.s.b.f.s.DefaultListableBeanFactory     : Autowiring by type from bean name 'stringHttpMessageConverter' via factory method to bean named 'environment'
2022-05-23 13:11:04.927 DEBUG 18484 --- [main] o.s.b.f.s.DefaultListableBeanFactory     : Creating shared instance of singleton bean 'mappingJackson2HttpMessageConverter'
2022-05-23 13:11:04.927 DEBUG 18484 --- [main] o.s.b.f.s.DefaultListableBeanFactory     : Creating shared instance of singleton bean 'org.springframework.boot.autoconfigure.http.JacksonHttpMessageConvertersConfiguration$MappingJackson2HttpMessageConverterConfiguration'
2022-05-23 13:11:04.927 DEBUG 18484 --- [main] o.s.b.f.s.DefaultListableBeanFactory     : Creating shared instance of singleton bean 'jacksonObjectMapper'
2022-05-23 13:11:04.928 DEBUG 18484 --- [main] o.s.b.f.s.DefaultListableBeanFactory     : Creating shared instance of singleton bean 'org.springframework.boot.autoconfigure.jackson.JacksonAutoConfiguration$JacksonObjectMapperConfiguration'
2022-05-23 13:11:04.928 DEBUG 18484 --- [main] o.s.b.f.s.DefaultListableBeanFactory     : Creating shared instance of singleton bean 'org.springframework.boot.autoconfigure.jackson.JacksonAutoConfiguration$JacksonObjectMapperBuilderConfiguration'
2022-05-23 13:11:04.929 DEBUG 18484 --- [main] o.s.b.f.s.DefaultListableBeanFactory     : Creating shared instance of singleton bean 'standardJacksonObjectMapperBuilderCustomizer'
2022-05-23 13:11:04.929 DEBUG 18484 --- [main] o.s.b.f.s.DefaultListableBeanFactory     : Creating shared instance of singleton bean 'org.springframework.boot.autoconfigure.jackson.JacksonAutoConfiguration$Jackson2ObjectMapperBuilderCustomizerConfiguration'
2022-05-23 13:11:04.929 DEBUG 18484 --- [main] o.s.b.f.s.DefaultListableBeanFactory     : Creating shared instance of singleton bean 'spring.jackson-org.springframework.boot.autoconfigure.jackson.JacksonProperties'
2022-05-23 13:11:04.932 DEBUG 18484 --- [main] o.s.b.f.s.DefaultListableBeanFactory     : Autowiring by type from bean name 'standardJacksonObjectMapperBuilderCustomizer' via factory method to bean named 'org.springframework.boot.web.servlet.context.AnnotationConfigServletWebServerApplicationContext@5cde6747'
2022-05-23 13:11:04.932 DEBUG 18484 --- [main] o.s.b.f.s.DefaultListableBeanFactory     : Autowiring by type from bean name 'standardJacksonObjectMapperBuilderCustomizer' via factory method to bean named 'spring.jackson-org.springframework.boot.autoconfigure.jackson.JacksonProperties'
2022-05-23 13:11:04.933 DEBUG 18484 --- [main] o.s.b.f.s.DefaultListableBeanFactory     : Autowiring by type from bean name 'jacksonObjectMapperBuilder' via factory method to bean named 'org.springframework.boot.web.servlet.context.AnnotationConfigServletWebServerApplicationContext@5cde6747'
2022-05-23 13:11:04.933 DEBUG 18484 --- [main] o.s.b.f.s.DefaultListableBeanFactory     : Autowiring by type from bean name 'jacksonObjectMapperBuilder' via factory method to bean named 'standardJacksonObjectMapperBuilderCustomizer'
2022-05-23 13:11:04.934 DEBUG 18484 --- [main] o.s.b.f.s.DefaultListableBeanFactory     : Creating shared instance of singleton bean 'parameterNamesModule'
2022-05-23 13:11:04.934 DEBUG 18484 --- [main] o.s.b.f.s.DefaultListableBeanFactory     : Creating shared instance of singleton bean 'org.springframework.boot.autoconfigure.jackson.JacksonAutoConfiguration$ParameterNamesModuleConfiguration'
2022-05-23 13:11:04.936 DEBUG 18484 --- [main] o.s.b.f.s.DefaultListableBeanFactory     : Creating shared instance of singleton bean 'jsonComponentModule'
2022-05-23 13:11:04.936 DEBUG 18484 --- [main] o.s.b.f.s.DefaultListableBeanFactory     : Creating shared instance of singleton bean 'org.springframework.boot.autoconfigure.jackson.JacksonAutoConfiguration'
2022-05-23 13:11:04.943 DEBUG 18484 --- [main] o.s.b.f.s.DefaultListableBeanFactory     : Creating shared instance of singleton bean 'jsonMixinModule'
2022-05-23 13:11:04.943 DEBUG 18484 --- [main] o.s.b.f.s.DefaultListableBeanFactory     : Autowiring by type from bean name 'jsonMixinModule' via factory method to bean named 'org.springframework.boot.web.servlet.context.AnnotationConfigServletWebServerApplicationContext@5cde6747'
2022-05-23 13:11:04.945 DEBUG 18484 --- [main] o.s.b.f.s.DefaultListableBeanFactory     : Creating shared instance of singleton bean 'jacksonGeoModule'
2022-05-23 13:11:04.945 DEBUG 18484 --- [main] o.s.b.f.s.DefaultListableBeanFactory     : Creating shared instance of singleton bean 'org.springframework.data.web.config.SpringDataJacksonConfiguration'
2022-05-23 13:11:04.950 DEBUG 18484 --- [main] o.s.b.f.s.DefaultListableBeanFactory     : Autowiring by type from bean name 'jacksonObjectMapper' via factory method to bean named 'jacksonObjectMapperBuilder'
2022-05-23 13:11:04.962 DEBUG 18484 --- [main] o.s.b.f.s.DefaultListableBeanFactory     : Autowiring by type from bean name 'mappingJackson2HttpMessageConverter' via factory method to bean named 'jacksonObjectMapper'
2022-05-23 13:11:04.966 DEBUG 18484 --- [main] o.s.b.f.s.DefaultListableBeanFactory     : Creating shared instance of singleton bean 'sortResolver'
2022-05-23 13:11:04.968 DEBUG 18484 --- [main] o.s.b.f.s.DefaultListableBeanFactory     : Creating shared instance of singleton bean 'sortCustomizer'
2022-05-23 13:11:04.968 DEBUG 18484 --- [main] o.s.b.f.s.DefaultListableBeanFactory     : Creating shared instance of singleton bean 'org.springframework.boot.autoconfigure.data.web.SpringDataWebAutoConfiguration'
2022-05-23 13:11:04.969 DEBUG 18484 --- [main] o.s.b.f.s.DefaultListableBeanFactory     : Creating shared instance of singleton bean 'spring.data.web-org.springframework.boot.autoconfigure.data.web.SpringDataWebProperties'
